01/16/2024 05:49:11 PM - INFO - Test_add_custodial : **********Test_05_Login*********
01/16/2024 05:49:11 PM - INFO - Test_add_custodial : ****Verifying Custodial order screen***
01/16/2024 05:51:13 PM - INFO - Test_add_custodial : ************* Custodial Order Test Passed **********
01/18/2024 11:00:28 AM - INFO - Test_add_custodial : **********Test_05_Login*********
01/18/2024 11:00:28 AM - INFO - Test_add_custodial : ****Verifying Custodial order screen***
01/19/2024 01:07:02 PM - INFO - Test_add_custodial : **********Test_05_Login*********
01/19/2024 01:07:02 PM - INFO - Test_add_custodial : ****Verifying Custodial order screen***
01/19/2024 01:11:07 PM - INFO - Test_add_custodial : **********Test_05_Login*********
01/19/2024 01:11:07 PM - INFO - Test_add_custodial : ****Verifying Custodial order screen***
01/19/2024 01:14:14 PM - INFO - Test_add_custodial : **********Test_05_Login*********
01/19/2024 01:14:14 PM - INFO - Test_add_custodial : ****Verifying Custodial order screen***
01/19/2024 01:17:02 PM - INFO - Test_add_custodial : **********Test_05_Login*********
01/19/2024 01:17:02 PM - INFO - Test_add_custodial : ****Verifying Custodial order screen***
01/19/2024 01:21:42 PM - INFO - Test_add_custodial : **********Test_05_Login*********
01/19/2024 01:21:42 PM - INFO - Test_add_custodial : ****Verifying Custodial order screen***
01/19/2024 01:37:38 PM - INFO - Test_add_custodial : **********Test_05_Login*********
01/19/2024 01:37:38 PM - INFO - Test_add_custodial : ****Verifying Custodial order screen***
01/19/2024 01:45:48 PM - INFO - Test_add_custodial : **********Test_05_Login*********
01/19/2024 01:45:48 PM - INFO - Test_add_custodial : ****Verifying Custodial order screen***
01/19/2024 01:49:49 PM - INFO - Test_add_custodial : **********Test_05_Login*********
01/19/2024 01:49:49 PM - INFO - Test_add_custodial : ****Verifying Custodial order screen***
01/19/2024 01:52:24 PM - INFO - Test_add_custodial : **********Test_05_Login*********
01/19/2024 01:52:24 PM - INFO - Test_add_custodial : ****Verifying Custodial order screen***
01/19/2024 01:57:14 PM - INFO - Test_add_custodial : **********Test_05_Login*********
01/19/2024 01:57:14 PM - INFO - Test_add_custodial : ****Verifying Custodial order screen***
01/19/2024 02:01:34 PM - INFO - Test_add_custodial : **********Test_05_Login*********
01/19/2024 02:01:34 PM - INFO - Test_add_custodial : ****Verifying Custodial order screen***
01/19/2024 02:51:38 PM - INFO - Test_add_custodial : **********Test_05_Login*********
01/19/2024 02:51:38 PM - INFO - Test_add_custodial : ****Verifying Custodial order screen***
01/19/2024 02:54:02 PM - INFO - Test_add_custodial : ************* Custodial Order Test Passed **********
01/19/2024 02:56:30 PM - INFO - Test_add_custodial : **********Test_05_Login*********
01/19/2024 02:56:30 PM - INFO - Test_add_custodial : ****Verifying Custodial order screen***
01/19/2024 03:38:52 PM - INFO - Test_add_custodial : **********Test_05_Login*********
01/19/2024 03:38:52 PM - INFO - Test_add_custodial : ****Verifying Custodial order screen***
01/19/2024 03:41:05 PM - INFO - Test_add_custodial : **********Test_05_Login*********
01/19/2024 03:41:05 PM - INFO - Test_add_custodial : ****Verifying Custodial order screen***
01/19/2024 03:46:16 PM - INFO - Test_add_custodial : **********Test_05_Login*********
01/19/2024 03:46:16 PM - INFO - Test_add_custodial : ****Verifying Custodial order screen***
01/19/2024 03:48:42 PM - INFO - Test_add_custodial : ************* Custodial Order Test Passed **********
01/19/2024 04:23:52 PM - INFO - Test_add_custodial : **********Test_05_Login*********
01/19/2024 04:23:52 PM - INFO - Test_add_custodial : ****Verifying Custodial order screen***
01/19/2024 04:25:02 PM - INFO - Test_add_custodial : **********Test_05_Login*********
01/19/2024 04:25:02 PM - INFO - Test_add_custodial : ****Verifying Custodial order screen***
01/19/2024 04:26:17 PM - INFO - Test_add_custodial : **********Test_05_Login*********
01/19/2024 04:26:17 PM - INFO - Test_add_custodial : ****Verifying Custodial order screen***
01/19/2024 04:28:41 PM - INFO - Test_add_custodial : ************* Custodial Order Test Passed **********
01/19/2024 05:29:14 PM - INFO - TestLogin : **********Test_01_Login*********
01/19/2024 05:29:14 PM - INFO - TestLogin : ****Verifying Login Page***
01/19/2024 05:29:31 PM - INFO - TestLogin : **********Test_02_Login*********
01/19/2024 05:29:31 PM - INFO - TestLogin : ****Verifying Invalid Login details test****
01/19/2024 05:30:28 PM - INFO - TestLogin : **********Test_01_Login*********
01/19/2024 05:30:28 PM - INFO - TestLogin : ****Verifying Login Page***
01/19/2024 05:30:38 PM - INFO - TestLogin : **********Test_02_Login*********
01/19/2024 05:30:38 PM - INFO - TestLogin : ****Verifying Invalid Login details test****
01/22/2024 03:33:09 PM - INFO - TestLogin : **********Test_01_Login*********
01/22/2024 03:33:09 PM - INFO - TestLogin : ****Verifying Login Page***
01/22/2024 03:33:35 PM - INFO - TestLogin : ****Login test passed ****
01/22/2024 03:33:57 PM - INFO - TestLogin : **********Test_02_Login*********
01/22/2024 03:33:57 PM - INFO - TestLogin : ****Verifying Invalid Login details test****
01/22/2024 04:20:07 PM - INFO - TestLogin : **********Test_01_Login*********
01/22/2024 04:20:07 PM - INFO - TestLogin : ****Verifying Login Page***
01/22/2024 04:20:32 PM - INFO - TestLogin : ****Login test passed ****
01/22/2024 04:20:50 PM - INFO - TestLogin : **********Test_02_Login*********
01/22/2024 04:20:50 PM - INFO - TestLogin : ****Verifying Invalid Login details test****
01/22/2024 04:29:07 PM - INFO - TestLogin : **********Test_01_Login*********
01/22/2024 04:29:07 PM - INFO - TestLogin : ****Verifying Login Page***
01/22/2024 04:29:32 PM - INFO - TestLogin : ****Login test passed ****
01/22/2024 04:29:49 PM - INFO - TestLogin : **********Test_02_Login*********
01/22/2024 04:29:49 PM - INFO - TestLogin : ****Verifying Invalid Login details test****
01/22/2024 04:34:39 PM - INFO - TestLogin : **********Test_01_Login*********
01/22/2024 04:34:39 PM - INFO - TestLogin : ****Verifying Login Page***
01/22/2024 04:35:04 PM - INFO - TestLogin : ****Login test passed ****
01/22/2024 04:35:31 PM - INFO - TestLogin : **********Test_02_Login*********
01/22/2024 04:35:31 PM - INFO - TestLogin : ****Verifying Invalid Login details test****
01/22/2024 04:35:54 PM - INFO - TestLogin : ****Login test Passed ****
01/23/2024 05:06:04 PM - INFO - Test_add_custodial : **********Test_05_Login*********
01/23/2024 05:06:04 PM - INFO - Test_add_custodial : ****Verifying Custodial order screen***
01/23/2024 05:08:01 PM - INFO - Test_add_custodial : **********Test_05_Login*********
01/23/2024 05:08:01 PM - INFO - Test_add_custodial : ****Verifying Custodial order screen***
01/23/2024 05:09:56 PM - INFO - Test_add_custodial : **********Test_05_Login*********
01/23/2024 05:09:56 PM - INFO - Test_add_custodial : ****Verifying Custodial order screen***
01/23/2024 05:57:42 PM - INFO - Test_add_custodial : **********Test_05_Login*********
01/23/2024 05:57:42 PM - INFO - Test_add_custodial : ****Verifying Custodial order screen***
01/23/2024 05:59:29 PM - INFO - Test_add_custodial : **********Test_05_Login*********
01/23/2024 05:59:29 PM - INFO - Test_add_custodial : ****Verifying Custodial order screen***
01/23/2024 06:00:17 PM - INFO - Test_add_custodial : **********Test_05_Login*********
01/23/2024 06:00:17 PM - INFO - Test_add_custodial : ****Verifying Custodial order screen***
01/23/2024 06:02:24 PM - INFO - Test_add_custodial : ************* Custodial Order Test Passed **********
01/23/2024 06:04:30 PM - INFO - Test_add_custodial : **********Test_05_Login*********
01/23/2024 06:04:30 PM - INFO - Test_add_custodial : ****Verifying Custodial order screen***
01/23/2024 06:08:17 PM - INFO - Test_add_custodial : **********Test_05_Login*********
01/23/2024 06:08:17 PM - INFO - Test_add_custodial : ****Verifying Custodial order screen***
01/23/2024 06:09:56 PM - INFO - Test_add_custodial : **********Test_05_Login*********
01/23/2024 06:09:56 PM - INFO - Test_add_custodial : ****Verifying Custodial order screen***
01/23/2024 06:56:44 PM - INFO - Test_add_custodial : **********Test_05_Login*********
01/23/2024 06:56:44 PM - INFO - Test_add_custodial : ****Verifying Custodial order screen***
01/23/2024 07:00:07 PM - INFO - Test_add_custodial : **********Test_05_Login*********
01/23/2024 07:00:07 PM - INFO - Test_add_custodial : ****Verifying Custodial order screen***
01/23/2024 07:04:38 PM - INFO - Test_add_custodial : **********Test_05_Login*********
01/23/2024 07:04:38 PM - INFO - Test_add_custodial : ****Verifying Custodial order screen***
01/23/2024 07:12:57 PM - INFO - Test_add_custodial : **********Test_05_Login*********
01/23/2024 07:12:57 PM - INFO - Test_add_custodial : ****Verifying Custodial order screen***
01/24/2024 10:26:05 AM - INFO - Test_add_custodial : **********Test_05_Login*********
01/24/2024 10:26:05 AM - INFO - Test_add_custodial : ****Verifying Custodial order screen***
01/24/2024 10:58:58 AM - INFO - Test_add_custodial : **********Test_05_Login*********
01/24/2024 10:58:58 AM - INFO - Test_add_custodial : ****Verifying Custodial order screen***
01/24/2024 11:02:42 AM - INFO - Test_add_custodial : **********Test_05_Login*********
01/24/2024 11:02:42 AM - INFO - Test_add_custodial : ****Verifying Custodial order screen***
01/24/2024 11:07:12 AM - INFO - Test_add_custodial : **********Test_05_Login*********
01/24/2024 11:07:12 AM - INFO - Test_add_custodial : ****Verifying Custodial order screen***
01/24/2024 11:09:45 AM - INFO - Test_add_custodial : **********Test_05_Login*********
01/24/2024 11:09:45 AM - INFO - Test_add_custodial : ****Verifying Custodial order screen***
01/24/2024 11:21:21 AM - INFO - Test_add_custodial : **********Test_05_Login*********
01/24/2024 11:21:21 AM - INFO - Test_add_custodial : ****Verifying Custodial order screen***
01/24/2024 11:23:55 AM - INFO - Test_add_custodial : **********Test_05_Login*********
01/24/2024 11:23:55 AM - INFO - Test_add_custodial : ****Verifying Custodial order screen***
01/24/2024 11:26:23 AM - INFO - Test_add_custodial : **********Test_05_Login*********
01/24/2024 11:26:23 AM - INFO - Test_add_custodial : ****Verifying Custodial order screen***
01/24/2024 11:28:23 AM - INFO - Test_add_custodial : **********Test_05_Login*********
01/24/2024 11:28:23 AM - INFO - Test_add_custodial : ****Verifying Custodial order screen***
01/24/2024 11:30:30 AM - INFO - Test_add_custodial : **********Test_05_Login*********
01/24/2024 11:30:30 AM - INFO - Test_add_custodial : ****Verifying Custodial order screen***
01/24/2024 11:33:03 AM - INFO - Test_add_custodial : **********Test_05_Login*********
01/24/2024 11:33:03 AM - INFO - Test_add_custodial : ****Verifying Custodial order screen***
01/24/2024 11:35:04 AM - INFO - Test_add_custodial : **********Test_05_Login*********
01/24/2024 11:35:04 AM - INFO - Test_add_custodial : ****Verifying Custodial order screen***
01/24/2024 11:36:49 AM - INFO - Test_add_custodial : **********Test_05_Login*********
01/24/2024 11:36:49 AM - INFO - Test_add_custodial : ****Verifying Custodial order screen***
01/24/2024 11:39:13 AM - INFO - Test_add_custodial : ************* Custodial Order Test Passed **********
01/30/2024 04:11:13 PM - INFO - Test_add_custodial : **********Test_05_Login*********
01/30/2024 04:11:13 PM - INFO - Test_add_custodial : ****Verifying Custodial order screen***
01/30/2024 04:13:21 PM - INFO - Test_add_custodial : **********Test_05_Login*********
01/30/2024 04:13:21 PM - INFO - Test_add_custodial : ****Verifying Custodial order screen***
01/30/2024 04:14:58 PM - INFO - Test_add_custodial : **********Test_05_Login*********
01/30/2024 04:14:58 PM - INFO - Test_add_custodial : ****Verifying Custodial order screen***
01/30/2024 04:17:35 PM - INFO - Test_add_custodial : **********Test_05_Login*********
01/30/2024 04:17:35 PM - INFO - Test_add_custodial : ****Verifying Custodial order screen***
01/30/2024 06:05:56 PM - INFO - Test_add_custodial : **********Test_05_Login*********
01/30/2024 06:05:56 PM - INFO - Test_add_custodial : ****Verifying Custodial order screen***
01/30/2024 06:07:37 PM - INFO - Test_add_custodial : **********Test_05_Login*********
01/30/2024 06:07:37 PM - INFO - Test_add_custodial : ****Verifying Custodial order screen***
01/30/2024 06:09:29 PM - INFO - Test_add_custodial : **********Test_05_Login*********
01/30/2024 06:09:29 PM - INFO - Test_add_custodial : ****Verifying Custodial order screen***
01/30/2024 06:10:58 PM - INFO - Test_add_custodial : **********Test_05_Login*********
01/30/2024 06:10:58 PM - INFO - Test_add_custodial : ****Verifying Custodial order screen***
01/30/2024 06:12:38 PM - INFO - Test_add_custodial : **********Test_05_Login*********
01/30/2024 06:12:38 PM - INFO - Test_add_custodial : ****Verifying Custodial order screen***
01/31/2024 10:35:13 AM - INFO - Test_add_custodial : **********Test_05_Login*********
01/31/2024 10:35:13 AM - INFO - Test_add_custodial : ****Verifying Custodial order screen***
01/31/2024 10:37:16 AM - INFO - Test_add_custodial : **********Test_05_Login*********
01/31/2024 10:37:16 AM - INFO - Test_add_custodial : ****Verifying Custodial order screen***
01/31/2024 10:39:33 AM - INFO - Test_add_custodial : **********Test_05_Login*********
01/31/2024 10:39:33 AM - INFO - Test_add_custodial : ****Verifying Custodial order screen***
01/31/2024 10:45:19 AM - INFO - Test_add_custodial : **********Test_05_Login*********
01/31/2024 10:45:19 AM - INFO - Test_add_custodial : ****Verifying Custodial order screen***
01/31/2024 10:53:23 AM - INFO - Test_add_custodial : **********Test_05_Login*********
01/31/2024 10:53:23 AM - INFO - Test_add_custodial : ****Verifying Custodial order screen***
01/31/2024 10:54:48 AM - INFO - Test_add_custodial : **********Test_05_Login*********
01/31/2024 10:54:48 AM - INFO - Test_add_custodial : ****Verifying Custodial order screen***
01/31/2024 11:00:56 AM - INFO - Test_add_custodial : **********Test_05_Login*********
01/31/2024 11:00:56 AM - INFO - Test_add_custodial : ****Verifying Custodial order screen***
01/31/2024 11:38:45 AM - INFO - Test_add_custodial : **********Test_05_Login*********
01/31/2024 11:38:45 AM - INFO - Test_add_custodial : ****Verifying Custodial order screen***
01/31/2024 11:47:21 AM - INFO - Test_add_custodial : **********Test_05_Login*********
01/31/2024 11:47:21 AM - INFO - Test_add_custodial : ****Verifying Custodial order screen***
01/31/2024 11:52:34 AM - INFO - Test_add_custodial : **********Test_05_Login*********
01/31/2024 11:52:34 AM - INFO - Test_add_custodial : ****Verifying Custodial order screen***
01/31/2024 12:03:08 PM - INFO - Test_add_custodial : **********Test_05_Login*********
01/31/2024 12:03:08 PM - INFO - Test_add_custodial : ****Verifying Custodial order screen***
01/31/2024 12:04:35 PM - INFO - Test_add_custodial : **********Test_05_Login*********
01/31/2024 12:04:35 PM - INFO - Test_add_custodial : ****Verifying Custodial order screen***
01/31/2024 12:08:57 PM - INFO - Test_add_custodial : **********Test_05_Login*********
01/31/2024 12:08:57 PM - INFO - Test_add_custodial : ****Verifying Custodial order screen***
01/31/2024 12:14:44 PM - INFO - Test_add_custodial : **********Test_05_Login*********
01/31/2024 12:14:44 PM - INFO - Test_add_custodial : ****Verifying Custodial order screen***
01/31/2024 12:16:03 PM - INFO - Test_add_custodial : **********Test_05_Login*********
01/31/2024 12:16:03 PM - INFO - Test_add_custodial : ****Verifying Custodial order screen***
01/31/2024 12:20:38 PM - INFO - Test_add_custodial : **********Test_05_Login*********
01/31/2024 12:20:38 PM - INFO - Test_add_custodial : ****Verifying Custodial order screen***
01/31/2024 12:24:10 PM - INFO - Test_add_custodial : **********Test_05_Login*********
01/31/2024 12:24:10 PM - INFO - Test_add_custodial : ****Verifying Custodial order screen***
01/31/2024 12:27:25 PM - INFO - Test_add_custodial : **********Test_05_Login*********
01/31/2024 12:27:25 PM - INFO - Test_add_custodial : ****Verifying Custodial order screen***
01/31/2024 12:32:01 PM - INFO - Test_add_custodial : **********Test_05_Login*********
01/31/2024 12:32:01 PM - INFO - Test_add_custodial : ****Verifying Custodial order screen***
01/31/2024 12:35:01 PM - INFO - Test_add_custodial : ************* Custodial Order Test Passed **********
01/31/2024 12:42:45 PM - INFO - Test_add_custodial : **********Test_05_Login*********
01/31/2024 12:42:45 PM - INFO - Test_add_custodial : ****Verifying Custodial order screen***
01/31/2024 12:51:35 PM - INFO - Test_add_custodial : **********Test_05_Login*********
01/31/2024 12:51:35 PM - INFO - Test_add_custodial : ****Verifying Custodial order screen***
01/31/2024 12:52:53 PM - INFO - Test_add_custodial : **********Test_05_Login*********
01/31/2024 12:52:53 PM - INFO - Test_add_custodial : ****Verifying Custodial order screen***
01/31/2024 12:56:36 PM - INFO - Test_add_custodial : **********Test_05_Login*********
01/31/2024 12:56:36 PM - INFO - Test_add_custodial : ****Verifying Custodial order screen***
01/31/2024 01:01:28 PM - INFO - Test_add_custodial : **********Test_05_Login*********
01/31/2024 01:01:28 PM - INFO - Test_add_custodial : ****Verifying Custodial order screen***
01/31/2024 01:04:28 PM - INFO - Test_add_custodial : ************* Custodial Order Test Passed **********
01/31/2024 01:07:09 PM - INFO - Test_add_custodial : **********Test_05_Login*********
01/31/2024 01:07:09 PM - INFO - Test_add_custodial : ****Verifying Custodial order screen***
01/31/2024 01:10:09 PM - INFO - Test_add_custodial : ************* Custodial Order Test Passed **********
01/31/2024 02:45:16 PM - INFO - Test_add_custodial : **********Test_05_Login*********
01/31/2024 02:45:16 PM - INFO - Test_add_custodial : ****Verifying Custodial order screen***
01/31/2024 02:48:54 PM - INFO - Test_add_custodial : **********Test_05_Login*********
01/31/2024 02:48:54 PM - INFO - Test_add_custodial : ****Verifying Custodial order screen***
01/31/2024 02:52:50 PM - INFO - Test_add_custodial : **********Test_05_Login*********
01/31/2024 02:52:50 PM - INFO - Test_add_custodial : ****Verifying Custodial order screen***
01/31/2024 02:55:50 PM - INFO - Test_add_custodial : ************* Custodial Order Test Passed **********
01/31/2024 03:34:27 PM - INFO - TestLogin : **********Test_01_Login*********
01/31/2024 03:34:27 PM - INFO - TestLogin : ****Verifying Login Page***
01/31/2024 03:35:45 PM - INFO - TestLogin : **********Test_02_Login*********
01/31/2024 03:35:45 PM - INFO - TestLogin : ****Verifying Invalid Login details test****
02/07/2024 01:13:54 PM - INFO - Test_add_custodial : **********Test_05_Login*********
02/07/2024 01:13:54 PM - INFO - Test_add_custodial : ****Verifying Custodial order screen***
02/07/2024 01:19:54 PM - INFO - Test_add_custodial : **********Test_05_Login*********
02/07/2024 01:19:54 PM - INFO - Test_add_custodial : ****Verifying Custodial order screen***
02/07/2024 01:22:54 PM - INFO - Test_add_custodial : ************* Custodial Order Test Passed **********
02/07/2024 06:58:59 PM - INFO - Test_add_custodial : **********Test_05_Login*********
02/07/2024 06:58:59 PM - INFO - Test_add_custodial : ****Verifying Custodial order screen***
02/07/2024 07:00:43 PM - INFO - Test_add_custodial : **********Test_05_Login*********
02/07/2024 07:00:43 PM - INFO - Test_add_custodial : ****Verifying Custodial order screen***
02/07/2024 07:13:38 PM - INFO - Test_add_custodial : **********Test_05_Login*********
02/07/2024 07:13:38 PM - INFO - Test_add_custodial : ****Verifying Custodial order screen***
02/07/2024 07:15:10 PM - INFO - Test_add_custodial : **********Test_05_Login*********
02/07/2024 07:15:10 PM - INFO - Test_add_custodial : ****Verifying Custodial order screen***
02/07/2024 07:18:02 PM - INFO - Test_add_custodial : **********Test_05_Login*********
02/07/2024 07:18:02 PM - INFO - Test_add_custodial : ****Verifying Custodial order screen***
02/08/2024 10:36:30 AM - INFO - Test_add_custodial : **********Test_05_Login*********
02/08/2024 10:36:30 AM - INFO - Test_add_custodial : ****Verifying Custodial order screen***
02/08/2024 10:39:17 AM - INFO - Test_add_custodial : **********Test_05_Login*********
02/08/2024 10:39:17 AM - INFO - Test_add_custodial : ****Verifying Custodial order screen***
02/08/2024 10:42:17 AM - INFO - Test_add_custodial : ************* Custodial Order Test Passed **********
02/08/2024 10:43:07 AM - INFO - Test_add_custodial : **********Test_05_Login*********
02/08/2024 10:43:07 AM - INFO - Test_add_custodial : ****Verifying Custodial order screen***
02/08/2024 11:00:44 AM - INFO - Test_add_custodial : **********Test_05_Login*********
02/08/2024 11:00:44 AM - INFO - Test_add_custodial : ****Verifying Custodial order screen***
02/08/2024 11:58:31 AM - INFO - TestLogin : **********Test_01_Login*********
02/08/2024 11:58:31 AM - INFO - TestLogin : ****Verifying Login Page***
02/08/2024 11:58:56 AM - INFO - TestLogin : ****Login test passed ****
02/08/2024 11:59:21 AM - INFO - TestLogin : **********Test_02_Login*********
02/08/2024 11:59:21 AM - INFO - TestLogin : ****Verifying Invalid Login details test****
02/08/2024 11:59:44 AM - INFO - TestLogin : ****Invalid Login cred test Passed ****
02/12/2024 10:51:35 AM - INFO - TestLogin : **********Test_01_Login*********
02/12/2024 10:51:35 AM - INFO - TestLogin : ****Verifying Login Page***
02/12/2024 10:52:00 AM - INFO - TestLogin : ****Login test passed ****
02/12/2024 10:52:24 AM - INFO - TestLogin : **********Test_02_Login*********
02/12/2024 10:52:24 AM - INFO - TestLogin : ****Verifying Invalid Login details test****
02/12/2024 10:52:47 AM - INFO - TestLogin : ****Invalid Login cred test Passed ****
02/16/2024 11:58:45 AM - INFO - TestLogin : **********Test_01_Login*********
02/16/2024 11:58:45 AM - INFO - TestLogin : ****Verifying Login Page***
02/16/2024 11:59:10 AM - INFO - TestLogin : ****Login test passed ****
02/16/2024 11:59:31 AM - INFO - TestLogin : **********Test_02_Login*********
02/16/2024 11:59:31 AM - INFO - TestLogin : ****Verifying Invalid Login details test****
02/16/2024 11:59:54 AM - INFO - TestLogin : ****Invalid Login cred test Passed ****
02/22/2024 03:46:33 PM - INFO - Test_add_custodial : **********Test_05_Login*********
02/22/2024 03:46:33 PM - INFO - Test_add_custodial : ****Verifying Custodial order screen***
02/22/2024 03:51:28 PM - INFO - Test_add_custodial : **********Test_05_Login*********
02/22/2024 03:51:28 PM - INFO - Test_add_custodial : ****Verifying Custodial order screen***
03/07/2024 11:27:00 AM - INFO - TestLogin : **********Test_01_Login*********
03/07/2024 11:27:00 AM - INFO - TestLogin : ****Verifying Login Page***
03/07/2024 11:27:25 AM - INFO - TestLogin : ****Login test passed ****
03/07/2024 11:27:25 AM - INFO - TestLogin : **********Test_02_Login*********
03/07/2024 11:27:25 AM - INFO - TestLogin : ****Verifying Invalid Login details test****
03/07/2024 11:27:48 AM - INFO - TestLogin : ****Invalid Login cred test Passed ****
03/07/2024 11:31:04 AM - INFO - TestLogin : **********Test_01_Login*********
03/07/2024 11:31:04 AM - INFO - TestLogin : ****Verifying Login Page***
03/07/2024 11:31:30 AM - INFO - TestLogin : ****Login test passed ****
03/07/2024 11:31:30 AM - INFO - TestLogin : **********Test_02_Login*********
03/07/2024 11:31:30 AM - INFO - TestLogin : ****Verifying Invalid Login details test****
03/07/2024 11:31:53 AM - INFO - TestLogin : ****Invalid Login cred test Passed ****
03/07/2024 11:33:09 AM - INFO - TestLogin : **********Test_01_Login*********
03/07/2024 11:33:09 AM - INFO - TestLogin : ****Verifying Login Page***
03/07/2024 11:33:34 AM - INFO - TestLogin : ****Login test passed ****
03/07/2024 11:33:34 AM - INFO - TestLogin : **********Test_02_Login*********
03/07/2024 11:33:34 AM - INFO - TestLogin : ****Verifying Invalid Login details test****
03/07/2024 11:33:58 AM - INFO - TestLogin : ****Invalid Login cred test Passed ****
03/11/2024 10:43:45 AM - INFO - TestLogin : **********Test_01_Login*********
03/11/2024 10:43:46 AM - INFO - TestLogin : ****Verifying Login Page***
03/11/2024 10:44:11 AM - INFO - TestLogin : ****Login test passed ****
03/11/2024 10:44:11 AM - INFO - TestLogin : **********Test_02_Login*********
03/11/2024 10:44:11 AM - INFO - TestLogin : ****Verifying Invalid Login details test****
03/11/2024 10:44:34 AM - INFO - TestLogin : ****Invalid Login cred test Passed ****
07/10/2024 11:02:58 AM - INFO - TestLogin : **********Test_01_Login*********
07/10/2024 11:02:58 AM - INFO - TestLogin : ****Verifying Login Page***
07/10/2024 11:05:06 AM - INFO - TestLogin : **********Test_01_Login*********
07/10/2024 11:05:06 AM - INFO - TestLogin : ****Verifying Login Page***
07/10/2024 11:05:42 AM - INFO - TestLogin : **********Test_02_Login*********
07/10/2024 11:05:42 AM - INFO - TestLogin : ****Verifying Invalid Login details test****
07/10/2024 11:06:06 AM - INFO - TestLogin : ****Invalid Login cred test Passed ****
07/10/2024 11:08:15 AM - INFO - Test_navigate_custodial_screen : **********Test_03_Custodial order*********
07/10/2024 11:08:15 AM - INFO - Test_navigate_custodial_screen : ****Verifying Navigating to Custodial order screen***
07/10/2024 11:09:26 AM - INFO - Test_navigate_custodial_screen : **********Test_03_Custodial order*********
07/10/2024 11:09:26 AM - INFO - Test_navigate_custodial_screen : ****Verifying Navigating to Custodial order screen***
07/10/2024 11:10:31 AM - INFO - TestLogin : **********Test_01_Login*********
07/10/2024 11:10:31 AM - INFO - TestLogin : ****Verifying Login Page***
07/10/2024 11:11:07 AM - INFO - TestLogin : **********Test_02_Login*********
07/10/2024 11:11:07 AM - INFO - TestLogin : ****Verifying Invalid Login details test****
07/10/2024 11:11:30 AM - INFO - TestLogin : ****Invalid Login cred test Passed ****
07/10/2024 11:12:41 AM - INFO - Test_navigate_custodial_screen : **********Test_03_Custodial order*********
07/10/2024 11:12:41 AM - INFO - Test_navigate_custodial_screen : ****Verifying Navigating to Custodial order screen***
